<?xml version="1.0" encoding="utf-8"?><testsuites name="pytest tests"><testsuite name="pytest" errors="0" failures="0" skipped="0" tests="14" time="3.115" timestamp="2026-08-11T12:16:01.508226+00:00" hostname="agent-env-45bd599b-52d1-44b9-a2df-0167eefad2e0"><testcase classname="tests.test_phase3.TestCashBook" name="test_get_cashbook_today_structure" time="0.661" /><testcase classname="tests.test_phase3.TestExpenses" name="test_seed_expenses_and_totals" time="0.703" /><testcase classname="tests.test_phase3.TestCashBook" name="test_cashbook_expenses_reflect_cash_only" time="0.328" /><testcase classname="tests.test_phase3.TestExpenses" name="test_create_expense_persists" time="0.105" /><testcase classname="tests.test_phase3.TestExpenses" name="test_amount_must_be_positive" time="0.131" /><testcase classname="tests.test_phase3.TestExpenses" name="test_category_and_date_filter" time="0.142" /><testcase classname="tests.test_phase3.TestCashBook" name="test_close_day_role_gating" time="0.575" /><testcase classname="tests.test_phase3.TestExpenses" name="test_delete_expense_and_role_gating" time="1.259" /><testcase classname="tests.test_phase3.TestCashBook" name="test_close_day_marks_closed_and_becomes_next_day_opening" time="0.219" /><testcase classname="tests.test_phase3.TestSaleOldGoldExchange" name="test_sale_with_old_gold_exchange_credits_and_records_link" time="0.387" /><testcase classname="tests.test_phase3.TestDashboardNetSales" name="test_dashboard_expenses_and_net_sales" time="0.156" /><testcase classname="tests.test_phase3.TestOldGold" name="test_create_old_gold_math" time="0.049" /><testcase classname="tests.test_phase3.TestOldGold" name="test_search_by_customer_and_mobile" time="0.091" /><testcase classname="tests.test_phase3.TestOldGold" name="test_negative_weight_rejected" time="0.046" /></testsuite></testsuites>