<?xml version="1.0" encoding="utf-8"?><testsuites name="pytest tests"><testsuite name="pytest" errors="0" failures="0" skipped="0" tests="15" time="3.290" timestamp="2026-08-11T12:01:54.213625+00:00" hostname="agent-env-45bd599b-52d1-44b9-a2df-0167eefad2e0"><testcase classname="tests.test_phase2.TestPurchases" name="test_purchase_auto_creates_new_product_and_stock_in_existing" time="0.888" /><testcase classname="tests.test_phase2.TestGirvi" name="test_list_seeded_and_statuses" time="0.665" /><testcase classname="tests.test_phase2.TestGirvi" name="test_search_and_status_filter" time="0.139" /><testcase classname="tests.test_phase2.TestGirvi" name="test_validation_loan_and_weight" time="0.134" /><testcase classname="tests.test_phase2.TestGirvi" name="test_full_lifecycle_create_pay_release" time="0.857" /><testcase classname="tests.test_phase2.TestPurchases" name="test_sales_role_cannot_create_purchase" time="0.481" /><testcase classname="tests.test_phase2.TestPurchases" name="test_accountant_can_create_purchase" time="0.511" /><testcase classname="tests.test_phase2.TestGirvi" name="test_interest_accrual_math_on_fresh_account" time="0.048" /><testcase classname="tests.test_phase2.TestGirvi" name="test_summary" time="0.136" /><testcase classname="tests.test_phase2.TestSuppliers" name="test_list_seeded" time="0.043" /><testcase classname="tests.test_phase2.TestSuppliers" name="test_create_supplier_and_get" time="0.220" /><testcase classname="tests.test_phase2.TestPurchaseReturns" name="test_purchase_return_reduces_stock_and_blocks_insufficient" time="0.294" /><testcase classname="tests.test_phase2.TestShopInfo" name="test_shop_name_and_address" time="0.046" /><testcase classname="tests.test_phase2.TestSalesReturns" name="test_sales_return_restores_stock" time="0.502" /><testcase classname="tests.test_phase2.TestPurchaseReturns" name="test_sales_role_cannot_create_purchase_return" time="0.407" /></testsuite></testsuites>