<?xml version="1.0" encoding="utf-8"?><testsuites name="pytest tests"><testsuite name="pytest" errors="0" failures="0" skipped="0" tests="29" time="10.449" timestamp="2026-08-11T11:35:53.542867+00:00" hostname="agent-env-45bd599b-52d1-44b9-a2df-0167eefad2e0"><testcase classname="tests.backend_test.TestAuth" name="test_admin_login" time="0.437" /><testcase classname="tests.backend_test.TestCustomers" name="test_seed_customers_present" time="0.928" /><testcase classname="tests.backend_test.TestAuth" name="test_all_demo_users_login" time="1.605" /><testcase classname="tests.backend_test.TestCustomers" name="test_search_customer" time="0.557" /><testcase classname="tests.backend_test.TestCustomers" name="test_create_and_duplicate_mobile" time="0.874" /><testcase classname="tests.backend_test.TestAuth" name="test_invalid_login" time="0.316" /><testcase classname="tests.backend_test.TestAuth" name="test_me_requires_auth" time="0.338" /><testcase classname="tests.backend_test.TestCustomers" name="test_customer_detail_aggregates" time="0.429" /><testcase classname="tests.backend_test.TestAuth" name="test_me_returns_user" time="0.559" /><testcase classname="tests.backend_test.TestProducts" name="test_list_products_and_filters" time="0.615" /><testcase classname="tests.backend_test.TestRates" name="test_current_rate_exists" time="0.629" /><testcase classname="tests.backend_test.TestProducts" name="test_barcode_lookup" time="0.529" /><testcase classname="tests.backend_test.TestRates" name="test_set_rate_admin_and_history_grows" time="0.710" /><testcase classname="tests.backend_test.TestProducts" name="test_create_product_validations" time="0.984" /><testcase classname="tests.backend_test.TestRates" name="test_sales_role_cannot_update_rate" time="0.366" /><testcase classname="tests.backend_test.TestProducts" name="test_update_and_stock_adjust" time="0.695" /><testcase classname="tests.backend_test.TestSales" name="test_create_sale_reduces_stock_and_math" time="1.001" /><testcase classname="tests.backend_test.TestSettings" name="test_get_settings" time="0.396" /><testcase classname="tests.backend_test.TestSales" name="test_sales_list_search_and_date" time="0.635" /><testcase classname="tests.backend_test.TestSettings" name="test_admin_update_settings" time="0.692" /><testcase classname="tests.backend_test.TestSales" name="test_no_items_rejected" time="0.599" /><testcase classname="tests.backend_test.TestSettings" name="test_sales_cannot_update_settings" time="0.547" /><testcase classname="tests.backend_test.TestUsers" name="test_admin_can_create_and_update_user" time="1.415" /><testcase classname="tests.backend_test.TestDashboardReports" name="test_dashboard" time="0.749" /><testcase classname="tests.backend_test.TestDashboardReports" name="test_report_sales" time="0.572" /><testcase classname="tests.backend_test.TestAudit" name="test_audit_logs_populated" time="0.550" /><testcase classname="tests.backend_test.TestUsers" name="test_sales_role_cannot_create_user" time="0.549" /><testcase classname="tests.backend_test.TestAudit" name="test_sales_cannot_read_audit" time="0.551" /><testcase classname="tests.backend_test.TestUsers" name="test_accountant_cannot_create_user" time="0.560" /></testsuite></testsuites>